<?xml version="1.0" encoding="UTF-8"?>
<!-- Generated by org.testng.reporters.JUnitReportReporter -->
<testsuite hostname="wfh-PC" name="com.miyuan.rpc.cases.PeerCount" tests="1" failures="0" timestamp="24 Jul 2018 03:59:32 GMT" time="2.877" errors="0">
  <testcase name="peerCount" time="2.877" classname="com.miyuan.rpc.cases.PeerCount"/>
</testsuite>
